0 info it worked if it ends with ok
1 verbose cli [ 'D:\\node\\nodejs\\node.exe',
1 verbose cli   'D:\\node\\nodejs\\node_modules\\npm\\bin\\npm-cli.js',
1 verbose cli   'start' ]
2 info using npm@4.0.2
3 info using node@v5.5.0
4 verbose run-script [ 'prestart', 'start', 'poststart' ]
5 info lifecycle angular-boilerplate@1.0.0~prestart: angular-boilerplate@1.0.0
6 verbose lifecycle angular-boilerplate@1.0.0~prestart: unsafe-perm in lifecycle true
7 verbose lifecycle angular-boilerplate@1.0.0~prestart: PATH: D:\node\v5.5.0\node_modules\npm\bin\node-gyp-bin;E:\韩浩\czbk\11.主流框架\11.主流框架\06 流行框架第6天 2016-02-17\06 流行框架第6天 2016-02-17\2016-02-17\moviecatHan\node_modules\.bin;C:\Windows\system32;C:\Windows;C:\Windows\System32\Wbem;C:\Windows\System32\WindowsPowerShell\v1.0\;C:\Program Files\Git\cmd;C:\Program Files\Git\bin;D:\node;D:\node\nodejs;D:\node\nodejs;D:\node\npm-global
8 verbose lifecycle angular-boilerplate@1.0.0~prestart: CWD: E:\韩浩\czbk\11.主流框架\11.主流框架\06 流行框架第6天 2016-02-17\06 流行框架第6天 2016-02-17\2016-02-17\moviecatHan
9 silly lifecycle angular-boilerplate@1.0.0~prestart: Args: [ '/d /s /c', 'npm install' ]
10 silly lifecycle angular-boilerplate@1.0.0~prestart: Returned: code: 0  signal: null
11 info lifecycle angular-boilerplate@1.0.0~start: angular-boilerplate@1.0.0
12 verbose lifecycle angular-boilerplate@1.0.0~start: unsafe-perm in lifecycle true
13 verbose lifecycle angular-boilerplate@1.0.0~start: PATH: D:\node\v5.5.0\node_modules\npm\bin\node-gyp-bin;E:\韩浩\czbk\11.主流框架\11.主流框架\06 流行框架第6天 2016-02-17\06 流行框架第6天 2016-02-17\2016-02-17\moviecatHan\node_modules\.bin;C:\Windows\system32;C:\Windows;C:\Windows\System32\Wbem;C:\Windows\System32\WindowsPowerShell\v1.0\;C:\Program Files\Git\cmd;C:\Program Files\Git\bin;D:\node;D:\node\nodejs;D:\node\nodejs;D:\node\npm-global
14 verbose lifecycle angular-boilerplate@1.0.0~start: CWD: E:\韩浩\czbk\11.主流框架\11.主流框架\06 流行框架第6天 2016-02-17\06 流行框架第6天 2016-02-17\2016-02-17\moviecatHan
15 silly lifecycle angular-boilerplate@1.0.0~start: Args: [ '/d /s /c', 'hs -a localhost -p 9000 -o' ]
16 silly lifecycle angular-boilerplate@1.0.0~start: Returned: code: 3221225786  signal: null
17 info lifecycle angular-boilerplate@1.0.0~start: Failed to exec start script
18 verbose stack Error: angular-boilerplate@1.0.0 start: `hs -a localhost -p 9000 -o`
18 verbose stack Exit status 3221225786
18 verbose stack     at EventEmitter.<anonymous> (D:\node\v5.5.0\node_modules\npm\lib\utils\lifecycle.js:279:16)
18 verbose stack     at emitTwo (events.js:100:13)
18 verbose stack     at EventEmitter.emit (events.js:185:7)
18 verbose stack     at ChildProcess.<anonymous> (D:\node\v5.5.0\node_modules\npm\lib\utils\spawn.js:40:14)
18 verbose stack     at emitTwo (events.js:100:13)
18 verbose stack     at ChildProcess.emit (events.js:185:7)
18 verbose stack     at maybeClose (internal/child_process.js:821:16)
18 verbose stack     at Process.ChildProcess._handle.onexit (internal/child_process.js:211:5)
19 verbose pkgid angular-boilerplate@1.0.0
20 verbose cwd E:\韩浩\czbk\11.主流框架\11.主流框架\06 流行框架第6天 2016-02-17\06 流行框架第6天 2016-02-17\2016-02-17\moviecatHan\app
21 error Windows_NT 10.0.10586
22 error argv "D:\\node\\nodejs\\node.exe" "D:\\node\\nodejs\\node_modules\\npm\\bin\\npm-cli.js" "start"
23 error node v5.5.0
24 error npm  v4.0.2
25 error code ELIFECYCLE
26 error angular-boilerplate@1.0.0 start: `hs -a localhost -p 9000 -o`
26 error Exit status 3221225786
27 error Failed at the angular-boilerplate@1.0.0 start script 'hs -a localhost -p 9000 -o'.
27 error Make sure you have the latest version of node.js and npm installed.
27 error If you do, this is most likely a problem with the angular-boilerplate package,
27 error not with npm itself.
27 error Tell the author that this fails on your system:
27 error     hs -a localhost -p 9000 -o
27 error You can get information on how to open an issue for this project with:
27 error     npm bugs angular-boilerplate
27 error Or if that isn't available, you can get their info via:
27 error     npm owner ls angular-boilerplate
27 error There is likely additional logging output above.
28 verbose exit [ 1, true ]
